<?xml version="1.0" encoding="UTF-8"?>
<testng-results skipped="0" failed="0" ignored="0" total="1" passed="1">
  <reporter-output>
  </reporter-output>
  <suite name="------Suite=MyStoreV1--------" duration-ms="11985" started-at="2023-06-25T17:16:43 IST" finished-at="2023-06-25T17:16:55 IST">
    <groups>
    </groups>
    <test name="----------RegistrationTest------------" duration-ms="11985" started-at="2023-06-25T17:16:43 IST" finished-at="2023-06-25T17:16:55 IST">
      <class name="com.mystore.testcases.RegistrationTest">
        <test-method status="PASS" signature="setup()[pri:0, instance:com.mystore.testcases.RegistrationTest@34cd072c]" name="setup" is-config="true" duration-ms="9046" started-at="2023-06-25T17:16:43 IST" finished-at="2023-06-25T17:16:52 IST">
          <reporter-output>
          </reporter-output>
        </test-method> <!-- setup -->
        <test-method status="PASS" signature="verifyLogin()[pri:0, instance:com.mystore.testcases.RegistrationTest@34cd072c]" name="verifyLogin" duration-ms="1945" started-at="2023-06-25T17:16:52 IST" finished-at="2023-06-25T17:16:54 IST">
          <reporter-output>
          </reporter-output>
        </test-method> <!-- verifyLogin -->
        <test-method status="PASS" signature="tearDown()[pri:0, instance:com.mystore.testcases.RegistrationTest@34cd072c]" name="tearDown" is-config="true" duration-ms="787" started-at="2023-06-25T17:16:54 IST" finished-at="2023-06-25T17:16:55 IST">
          <reporter-output>
          </reporter-output>
        </test-method> <!-- tearDown -->
      </class> <!-- com.mystore.testcases.RegistrationTest -->
    </test> <!-- -RegistrationTest- -->
  </suite> <!-- -Suite=MyStoreV1- -->
</testng-results>
